[    0.000000] Linux version 4.15.0-88-generic (buildd@lgw01-amd64-036) (gcc version 7.4.0 (Ubuntu 7.4.0-1ubuntu1~18.04.1)) #88-Ubuntu SMP Tue Feb 11 20:11:34 UTC 2020 (Ubuntu 4.15.0-88.88-generic 4.15.18)
[    0.000000] Command line: BOOT_IMAGE=/boot/vmlinuz-4.15.0-88-generic root=LABEL=cloudimg-rootfs ro console=tty1 console=ttyS0
[    0.000000] KERNEL supported cpus:
[    0.000000]   Intel GenuineIntel
[    0.000000]   AMD AuthenticAMD
[    0.000000]   Centaur CentaurHauls
[    0.000000] x86/fpu: Supporting XSAVE feature 0x001: 'x87 floating point registers'
[    0.000000] x86/fpu: Supporting XSAVE feature 0x002: 'SSE registers'
[    0.000000] x86/fpu: Supporting XSAVE feature 0x004: 'AVX registers'
[    0.000000] x86/fpu: xstate_offset[2]:  576, xstate_sizes[2]:  256
[    0.000000] x86/fpu: Enabled xstate features 0x7, context size is 832 bytes, using 'standard' format.
[    0.000000] e820: BIOS-provided physical RAM map:
[    0.000000] BIOS-e820: [mem 0x0000000000000000-0x000000000009fbff] usable
[    0.000000] BIOS-e820: [mem 0x000000000009fc00-0x000000000009ffff] reserved
[    0.000000] BIOS-e820: [mem 0x00000000000f0000-0x00000000000fffff] reserved
[    0.000000] BIOS-e820: [mem 0x0000000000100000-0x000000003ffeffff] usable
[    0.000000] BIOS-e820: [mem 0x000000003fff0000-0x000000003fffffff] ACPI data
[    0.000000] BIOS-e820: [mem 0x00000000fec00000-0x00000000fec00fff] reserved
[    0.000000] BIOS-e820: [mem 0x00000000fee00000-0x00000000fee00fff] reserved
[    0.000000] BIOS-e820: [mem 0x00000000fffc0000-0x00000000ffffffff] reserved
[    0.000000] NX (Execute Disable) protection: active
[    0.000000] SMBIOS 2.5 present.
[    0.000000] DMI: innotek GmbH VirtualBox/VirtualBox, BIOS VirtualBox 12/01/2006
[    0.000000] Hypervisor detected: KVM
[    0.000000] e820: last_pfn = 0x3fff0 max_arch_pfn = 0x400000000
[    0.000000] MTRR: Disabled
[    0.000000] x86/PAT: MTRRs disabled, skipping PAT initialization too.
[    0.000000] CPU MTRRs all blank - virtualized system.
[    0.000000] x86/PAT: Configuration [0-7]: WB  WT  UC- UC  WB  WT  UC- UC  
[    0.000000] found SMP MP-table at [mem 0x0009fff0-0x0009ffff]
[    0.000000] Scanning 1 areas for low memory corruption
[    0.000000] RAMDISK: [mem 0x35a6d000-0x36d2dfff]
[    0.000000] ACPI: Early table checksum verification disabled
[    0.000000] ACPI: RSDP 0x00000000000E0000 000024 (v02 VBOX  )
[    0.000000] ACPI: XSDT 0x000000003FFF0030 00003C (v01 VBOX   VBOXXSDT 00000001 ASL  00000061)
[    0.000000] ACPI: FACP 0x000000003FFF00F0 0000F4 (v04 VBOX   VBOXFACP 00000001 ASL  00000061)
[    0.000000] ACPI: DSDT 0x000000003FFF0470 0021FF (v02 VBOX   VBOXBIOS 00000002 INTL 20160108)
[    0.000000] ACPI: FACS 0x000000003FFF0200 000040
[    0.000000] ACPI: FACS 0x000000003FFF0200 000040
[    0.000000] ACPI: APIC 0x000000003FFF0240 000054 (v02 VBOX   VBOXAPIC 00000001 ASL  00000061)
[    0.000000] ACPI: SSDT 0x000000003FFF02A0 0001CC (v01 VBOX   VBOXCPUT 00000002 INTL 20160108)
[    0.000000] No NUMA configuration found
[    0.000000] Faking a node at [mem 0x0000000000000000-0x000000003ffeffff]
[    0.000000] NODE_DATA(0) allocated [mem 0x3ffc5000-0x3ffeffff]
[    0.000000] kvm-clock: cpu 0, msr 0:3ff44001, primary cpu clock
[    0.000000] kvm-clock: Using msrs 4b564d01 and 4b564d00
[    0.000000] kvm-clock: using sched offset of 3652790277 cycles
[    0.000000] clocksource: kvm-clock: mask: 0xffffffffffffffff max_cycles: 0x1cd42e4dffb, max_idle_ns: 881590591483 ns
[    0.000000] Zone ranges:
[    0.000000]   DMA      [mem 0x0000000000001000-0x0000000000ffffff]
[    0.000000]   DMA32    [mem 0x0000000001000000-0x000000003ffeffff]
[    0.000000]   Normal   empty
[    0.000000]   Device   empty
[    0.000000] Movable zone start for each node
[    0.000000] Early memory node ranges
[    0.000000]   node   0: [mem 0x0000000000001000-0x000000000009efff]
[    0.000000]   node   0: [mem 0x0000000000100000-0x000000003ffeffff]
[    0.000000] Reserved but unavailable: 98 pages
[    0.000000] Initmem setup node 0 [mem 0x0000000000001000-0x000000003ffeffff]
[    0.000000] ACPI: PM-Timer IO Port: 0x4008
[    0.000000] IOAPIC[0]: apic_id 1, version 32, address 0xfec00000, GSI 0-23
[    0.000000] ACPI: INT_SRC_OVR (bus 0 bus_irq 0 global_irq 2 dfl dfl)
[    0.000000] ACPI: INT_SRC_OVR (bus 0 bus_irq 9 global_irq 9 high level)
[    0.000000] Using ACPI (MADT) for SMP configuration information
[    0.000000] smpboot: Allowing 1 CPUs, 0 hotplug CPUs
[    0.000000] PM: Registered nosave memory: [mem 0x00000000-0x00000fff]
[    0.000000] PM: Registered nosave memory: [mem 0x0009f000-0x0009ffff]
[    0.000000] PM: Registered nosave memory: [mem 0x000a0000-0x000effff]
[    0.000000] PM: Registered nosave memory: [mem 0x000f0000-0x000fffff]
[    0.000000] e820: [mem 0x40000000-0xfebfffff] available for PCI devices
[    0.000000] Booting paravirtualized kernel on KVM
[    0.000000] clocksource: refined-jiffies: mask: 0xffffffff max_cycles: 0xffffffff, max_idle_ns: 7645519600211568 ns
[    0.000000] random: get_random_bytes called from start_kernel+0x99/0x4fd with crng_init=0
[    0.000000] setup_percpu: NR_CPUS:8192 nr_cpumask_bits:1 nr_cpu_ids:1 nr_node_ids:1
[    0.000000] percpu: Embedded 45 pages/cpu s147456 r8192 d28672 u2097152
[    0.000000] PV qspinlock hash table entries: 256 (order: 0, 4096 bytes)
[    0.000000] Built 1 zonelists, mobility grouping on.  Total pages: 257913
[    0.000000] Policy zone: DMA32
[    0.000000] Kernel command line: BOOT_IMAGE=/boot/vmlinuz-4.15.0-88-generic root=LABEL=cloudimg-rootfs ro console=tty1 console=ttyS0
[    0.000000] Memory: 983248K/1048120K available (12300K kernel code, 2481K rwdata, 4264K rodata, 2428K init, 2712K bss, 64872K reserved, 0K cma-reserved)
[    0.000000] SLUB: HWalign=64, Order=0-3, MinObjects=0, CPUs=1, Nodes=1
[    0.000000] Kernel/User page tables isolation: enabled
[    0.000000] ftrace: allocating 39344 entries in 154 pages
[    0.004000] Hierarchical RCU implementation.
[    0.004000] 	RCU restricting CPUs from NR_CPUS=8192 to nr_cpu_ids=1.
[    0.004000] 	Tasks RCU enabled.
[    0.004000] RCU: Adjusting geometry for rcu_fanout_leaf=16, nr_cpu_ids=1
[    0.004000] NR_IRQS: 524544, nr_irqs: 256, preallocated irqs: 16
[    0.004000] Console: colour VGA+ 80x25
[    0.004000] console [tty1] enabled
[    0.004000] console [ttyS0] enabled
[    0.004000] ACPI: Core revision 20170831
[    0.004000] ACPI: 2 ACPI AML tables successfully acquired and loaded
[    0.004000] APIC: Switch to symmetric I/O mode setup
[    0.004360] x2apic enabled
[    0.008005] Switched APIC routing to physical x2apic.
[    0.013570] ..TIMER: vector=0x30 apic1=0 pin1=2 apic2=-1 pin2=-1
[    0.016008] tsc: Detected 2340.092 MHz processor
[    0.020019] Calibrating delay loop (skipped) preset value.. 4680.18 BogoMIPS (lpj=9360368)
[    0.024008] pid_max: default: 32768 minimum: 301
[    0.028042] Security Framework initialized
[    0.028845] Yama: becoming mindful.
[    0.029581] AppArmor: AppArmor initialized
[    0.032083] Dentry cache hash table entries: 131072 (order: 8, 1048576 bytes)
[    0.036102] Inode-cache hash table entries: 65536 (order: 7, 524288 bytes)
[    0.037380] Mount-cache hash table entries: 2048 (order: 2, 16384 bytes)
[    0.040006] Mountpoint-cache hash table entries: 2048 (order: 2, 16384 bytes)
[    0.044322] process: using mwait in idle threads
[    0.048012] Last level iTLB entries: 4KB 1024, 2MB 1024, 4MB 1024
[    0.052003] Last level dTLB entries: 4KB 1024, 2MB 1024, 4MB 1024, 1GB 4
[    0.053205] Spectre V1 : Mitigation: usercopy/swapgs barriers and __user pointer sanitization
[    0.056005] Spectre V2 : Mitigation: Full generic retpoline
[    0.060006] Spectre V2 : Spectre v2 / SpectreRSB mitigation: Filling RSB on context switch
[    0.064007] Speculative Store Bypass: Vulnerable
[    0.068076] MDS: Vulnerable: Clear CPU buffers attempted, no microcode
[    0.094979] Freeing SMP alternatives memory: 36K
[    0.209480] APIC calibration not consistent with PM-Timer: 102ms instead of 100ms
[    0.212000] APIC delta adjusted to PM-Timer: 6246339 (6387930)
[    0.212080] smpboot: CPU0: Intel(R) Core(TM) i5-4200U CPU @ 1.60GHz (family: 0x6, model: 0x45, stepping: 0x1)
[    0.213815] Performance Events: unsupported p6 CPU model 69 no PMU driver, software events only.
[    0.216057] Hierarchical SRCU implementation.
[    0.220244] NMI watchdog: Perf event create on CPU 0 failed with -2
[    0.224008] NMI watchdog: Perf NMI watchdog permanently disabled
[    0.228137] smp: Bringing up secondary CPUs ...
[    0.232010] smp: Brought up 1 node, 1 CPU
[    0.236003] smpboot: Max logical packages: 1
[    0.236929] smpboot: Total of 1 processors activated (4680.18 BogoMIPS)
[    0.238296] devtmpfs: initialized
[    0.240077] x86/mm: Memory block size: 128MB
[    0.244206] evm: security.selinux
[    0.244821] evm: security.SMACK64
[    0.248015] evm: security.SMACK64EXEC
[    0.248819] evm: security.SMACK64TRANSMUTE
[    0.252009] evm: security.SMACK64MMAP
[    0.256008] evm: security.apparmor
[    0.260010] evm: security.ima
[    0.264011] evm: security.capability
[    0.268206] clocksource: jiffies: mask: 0xffffffff max_cycles: 0xffffffff, max_idle_ns: 7645041785100000 ns
[    0.272029] futex hash table entries: 256 (order: 2, 16384 bytes)
[    0.276078] pinctrl core: initialized pinctrl subsystem
[    0.280177] RTC time: 14:41:00, date: 06/25/20
[    0.284134] NET: Registered protocol family 16
[    0.285117] audit: initializing netlink subsys (disabled)
[    0.288176] cpuidle: using governor ladder
[    0.292016] audit: type=2000 audit(1593096063.524:1): state=initialized audit_enabled=0 res=1
[    0.296020] cpuidle: using governor menu
[    0.300081] ACPI: bus type PCI registered
[    0.304006] acpiphp: ACPI Hot Plug PCI Controller Driver version: 0.5
[    0.308175] PCI: Using configuration type 1 for base access
[    0.313207] HugeTLB registered 2.00 MiB page size, pre-allocated 0 pages
[    0.316783] ACPI: Added _OSI(Module Device)
[    0.320021] ACPI: Added _OSI(Processor Device)
[    0.321162] ACPI: Added _OSI(3.0 _SCP Extensions)
[    0.324011] ACPI: Added _OSI(Processor Aggregator Device)
[    0.328027] ACPI: Added _OSI(Linux-Dell-Video)
[    0.332045] ACPI: Added _OSI(Linux-Lenovo-NV-HDMI-Audio)
[    0.336016] ACPI: Added _OSI(Linux-HPI-Hybrid-Graphics)
[    0.340337] ACPI: Executed 1 blocks of module-level executable AML code
[    0.350548] ACPI: Interpreter enabled
[    0.352020] ACPI: (supports S0 S5)
[    0.352680] ACPI: Using IOAPIC for interrupt routing
[    0.356325] PCI: Using host bridge windows from ACPI; if necessary, use "pci=nocrs" and report a bug
[    0.360195] ACPI: Enabled 2 GPEs in block 00 to 07
[    0.373779] ACPI: PCI Root Bridge [PCI0] (domain 0000 [bus 00-ff])
[    0.376022] acpi PNP0A03:00: _OSC: OS supports [ASPM ClockPM Segments MSI]
[    0.380100] acpi PNP0A03:00: _OSC: not requesting OS control; OS requires [ExtendedConfig ASPM ClockPM MSI]
[    0.384043] acpi PNP0A03:00: fail to add MMCONFIG information, can't access extended PCI configuration space under this bridge.
[    0.388442] PCI host bridge to bus 0000:00
[    0.389161] pci_bus 0000:00: root bus resource [io  0x0000-0x0cf7 window]
[    0.392013] pci_bus 0000:00: root bus resource [io  0x0d00-0xffff window]
[    0.396013] pci_bus 0000:00: root bus resource [mem 0x000a0000-0x000bffff window]
[    0.400014] pci_bus 0000:00: root bus resource [mem 0x40000000-0xffdfffff window]
[    0.402190] pci_bus 0000:00: root bus resource [bus 00-ff]
[    0.405839] pci 0000:00:01.1: legacy IDE quirk: reg 0x10: [io  0x01f0-0x01f7]
[    0.408011] pci 0000:00:01.1: legacy IDE quirk: reg 0x14: [io  0x03f6]
[    0.412011] pci 0000:00:01.1: legacy IDE quirk: reg 0x18: [io  0x0170-0x0177]
[    0.416016] pci 0000:00:01.1: legacy IDE quirk: reg 0x1c: [io  0x0376]
[    0.441195] pci 0000:00:07.0: quirk: [io  0x4000-0x403f] claimed by PIIX4 ACPI
[    0.444042] pci 0000:00:07.0: quirk: [io  0x4100-0x410f] claimed by PIIX4 SMB
[    0.464248] ACPI: PCI Interrupt Link [LNKA] (IRQs 5 9 10 *11)
[    0.468525] ACPI: PCI Interrupt Link [LNKB] (IRQs 5 9 10 *11)
[    0.476156] ACPI: PCI Interrupt Link [LNKC] (IRQs 5 9 *10 11)
[    0.480026] ACPI: PCI Interrupt Link [LNKD] (IRQs 5 *9 10 11)
[    0.481478] SCSI subsystem initialized
[    0.484196] pci 0000:00:02.0: vgaarb: setting as boot VGA device
[    0.485210] pci 0000:00:02.0: vgaarb: VGA device added: decodes=io+mem,owns=io+mem,locks=none
[    0.488014] pci 0000:00:02.0: vgaarb: bridge control possible
[    0.492013] vgaarb: loaded
[    0.496064] ACPI: bus type USB registered
[    0.500043] usbcore: registered new interface driver usbfs
[    0.500968] usbcore: registered new interface driver hub
[    0.501918] usbcore: registered new device driver usb
[    0.502855] EDAC MC: Ver: 3.0.0
[    0.504319] PCI: Using ACPI for IRQ routing
[    0.508367] NetLabel: Initializing
[    0.512008] NetLabel:  domain hash size = 128
[    0.516007] NetLabel:  protocols = UNLABELED CIPSOv4 CALIPSO
[    0.517034] NetLabel:  unlabeled traffic allowed by default
[    0.520259] clocksource: Switched to clocksource kvm-clock
[    0.573516] VFS: Disk quotas dquot_6.6.0
[    0.598257] VFS: Dquot-cache hash table entries: 512 (order 0, 4096 bytes)
[    0.667371] AppArmor: AppArmor Filesystem Enabled
[    0.686966] pnp: PnP ACPI init
[    0.717080] pnp: PnP ACPI: found 3 devices
[    0.731540] clocksource: acpi_pm: mask: 0xffffff max_cycles: 0xffffff, max_idle_ns: 2085701024 ns
[    0.746332] NET: Registered protocol family 2
[    0.750823] TCP established hash table entries: 8192 (order: 4, 65536 bytes)
[    0.753230] TCP bind hash table entries: 8192 (order: 5, 131072 bytes)
[    0.754295] TCP: Hash tables configured (established 8192 bind 8192)
[    0.755359] UDP hash table entries: 512 (order: 2, 16384 bytes)
[    0.756372] UDP-Lite hash table entries: 512 (order: 2, 16384 bytes)
[    0.777493] NET: Registered protocol family 1
[    0.778263] pci 0000:00:00.0: Limiting direct PCI/PCI transfers
[    0.779305] pci 0000:00:01.0: Activating ISA DMA hang workarounds
[    0.823928] pci 0000:00:02.0: Video device with shadowed ROM at [mem 0x000c0000-0x000dffff]
[    0.825636] Unpacking initramfs...
[    1.149135] Freeing initrd memory: 19204K
[    1.196306] clocksource: tsc: mask: 0xffffffffffffffff max_cycles: 0x21bb2680804, max_idle_ns: 440795275563 ns
[    1.207409] platform rtc_cmos: registered platform RTC device (no PNP device found)
[    1.234839] Scanning for low memory corruption every 60 seconds
[    1.238965] Initialise system trusted keyrings
[    1.299898] Key type blacklist registered
[    1.324117] workingset: timestamp_bits=36 max_order=18 bucket_order=0
[    1.403963] zbud: loaded
[    1.422579] squashfs: version 4.0 (2009/01/31) Phillip Lougher
[    1.467255] fuse init (API version 7.26)
[    1.468885] Key type asymmetric registered
[    1.471250] Asymmetric key parser 'x509' registered
[    1.472242] Block layer SCSI generic (bsg) driver version 0.4 loaded (major 246)
[    1.473782] io scheduler noop registered
[    1.496229] io scheduler deadline registered
[    1.508511] io scheduler cfq registered (default)
[    1.509681] ACPI: AC Adapter [AC] (on-line)
[    1.519954] input: Power Button as /devices/LNXSYSTM:00/LNXPWRBN:00/input/input0
[    1.540952] ACPI: Power Button [PWRF]
[    1.554495] input: Sleep Button as /devices/LNXSYSTM:00/LNXSLPBN:00/input/input1
[    1.559458] ACPI: Sleep Button [SLPF]
[    1.589935] ACPI: Battery Slot [BAT0] (battery present)
[    1.591811] Serial: 8250/16550 driver, 32 ports, IRQ sharing enabled
[    1.641398] 00:02: ttyS0 at I/O 0x3f8 (irq = 4, base_baud = 115200) is a 16550A
[    1.758137] Linux agpgart interface v0.103
[    1.776624] loop: module loaded
[    1.784736] scsi host0: ata_piix
[    1.792257] scsi host1: ata_piix
[    1.792932] ata1: PATA max UDMA/33 cmd 0x1f0 ctl 0x3f6 bmdma 0xd000 irq 14
[    1.814585] ata2: PATA max UDMA/33 cmd 0x170 ctl 0x376 bmdma 0xd008 irq 15
[    1.817100] libphy: Fixed MDIO Bus: probed
[    1.863321] tun: Universal TUN/TAP device driver, 1.6
[    1.882984] PPP generic driver version 2.4.2
[    1.951717] ehci_hcd: USB 2.0 'Enhanced' Host Controller (EHCI) Driver
[    1.991291] ehci-pci: EHCI PCI platform driver
[    2.018819] ehci-platform: EHCI generic platform driver
[    2.019825] ohci_hcd: USB 1.1 'Open' Host Controller (OHCI) Driver
[    2.020856] ohci-pci: OHCI PCI platform driver
[    2.021623] ohci-platform: OHCI generic platform driver
[    2.029975] uhci_hcd: USB Universal Host Controller Interface driver
[    2.031580] i8042: PNP: PS/2 Controller [PNP0303:PS2K,PNP0f03:PS2M] at 0x60,0x64 irq 1,12
[    2.070504] serio: i8042 KBD port at 0x60,0x64 irq 1
[    2.118179] serio: i8042 AUX port at 0x60,0x64 irq 12
[    2.158141] mousedev: PS/2 mouse device common for all mice
[    2.159971] input: AT Translated Set 2 keyboard as /devices/platform/i8042/serio0/input/input2
[    2.162679] rtc_cmos rtc_cmos: rtc core: registered rtc_cmos as rtc0
[    2.164342] rtc_cmos rtc_cmos: alarms up to one day, 114 bytes nvram
[    2.165886] i2c /dev entries driver
[    2.186978] device-mapper: uevent: version 1.0.3
[    2.188239] device-mapper: ioctl: 4.37.0-ioctl (2017-09-20) initialised: dm-devel@redhat.com
[    2.197351] ledtrig-cpu: registered to indicate activity on CPUs
[    2.199253] NET: Registered protocol family 10
[    2.204406] Segment Routing with IPv6
[    2.216762] NET: Registered protocol family 17
[    2.280353] Key type dns_resolver registered
[    2.281640] mce: Using 0 MCE banks
[    2.282552] RAS: Correctable Errors collector initialized.
[    2.305651] sched_clock: Marking stable (2305498132, 0)->(5988014481, -3682516349)
[    2.325204] registered taskstats version 1
[    2.326249] Loading compiled-in X.509 certificates
[    2.367032] Loaded X.509 cert 'Build time autogenerated kernel key: f0020782f0d3a548186fb3f47aed88387a71e859'
[    2.404137] zswap: loaded using pool lzo/zbud
[    2.416547] Key type big_key registered
[    2.434151] Key type trusted registered
[    2.437854] Key type encrypted registered
[    2.490700] AppArmor: AppArmor sha1 policy hashing enabled
[    2.598595] ima: No TPM chip found, activating TPM-bypass! (rc=-19)
[    2.599952] ima: Allocated hash algorithm: sha1
[    2.601034] evm: HMAC attrs: 0x1
[    2.628313]   Magic number: 8:496:688
[    2.629211] rtc_cmos rtc_cmos: setting system clock to 2020-06-25 14:41:04 UTC (1593096064)
[    2.630976] BIOS EDD facility v0.16 2004-Jun-25, 0 devices found
[    2.633826] EDD information not available.
[    2.709470] Freeing unused kernel image memory: 2428K
[    2.780073] Write protecting the kernel read-only data: 20480k
[    2.788980] Freeing unused kernel image memory: 2008K
[    2.819293] Freeing unused kernel image memory: 1880K
[    2.885426] x86/mm: Checked W+X mappings: passed, no W+X pages found.
[    2.912538] x86/mm: Checking user space page tables
[    2.920941] x86/mm: Checked W+X mappings: passed, no W+X pages found.
Loading, please wait...
starting version 237
[    3.102479] e1000: Intel(R) PRO/1000 Network Driver - version 7.3.21-k8-NAPI
[    3.129234] e1000: Copyright (c) 1999-2006 Intel Corporation.
[    3.183478] Fusion MPT base driver 3.04.20
[    3.245644] Copyright (c) 1999-2008 LSI Corporation
[    3.328305] AVX version of gcm_enc/dec engaged.
[    3.344304] AES CTR mode by8 optimization enabled
[    3.408646] Fusion MPT SPI Host driver 3.04.20
[    3.497978] input: ImExPS/2 Generic Explorer Mouse as /devices/platform/i8042/serio1/input/input4
[    3.835081] e1000 0000:00:03.0 eth0: (PCI:33MHz:32-bit) 02:33:ec:f4:7d:44
[    3.883711] e1000 0000:00:03.0 eth0: Intel(R) PRO/1000 Network Connection
[    3.964714] mptbase: ioc0: Initiating bringup
[    4.064474] ioc0: LSI53C1030 A0: Capabilities={Initiator}
[    4.358635] scsi host2: ioc0: LSI53C1030 A0, FwRev=00000000h, Ports=1, MaxQ=256, IRQ=20
[    4.560695] scsi 2:0:0:0: Direct-Access     VBOX     HARDDISK         1.0  PQ: 0 ANSI: 5
[    4.620447] scsi target2:0:0: Beginning Domain Validation
[    4.625117] random: fast init done
[    4.629217] scsi target2:0:0: Domain Validation skipping write tests
[    4.658003] scsi target2:0:0: Ending Domain Validation
[    4.677990] scsi target2:0:0: asynchronous
[    4.733944] scsi 2:0:1:0: Direct-Access     VBOX     HARDDISK         1.0  PQ: 0 ANSI: 5
[    4.859041] scsi target2:0:1: Beginning Domain Validation
[    5.039195] scsi target2:0:1: Domain Validation skipping write tests
[    5.050977] scsi target2:0:1: Ending Domain Validation
[    5.083934] scsi target2:0:1: asynchronous
[    5.212909] sd 2:0:0:0: [sda] 20971520 512-byte logical blocks: (10.7 GB/10.0 GiB)
[    5.237308] sd 2:0:0:0: Attached scsi generic sg0 type 0
[    5.238360] random: systemd-udevd: uninitialized urandom read (16 bytes read)
[    5.256416] sd 2:0:1:0: Attached scsi generic sg1 type 0
[    5.276034] random: systemd-udevd: uninitialized urandom read (16 bytes read)
[    5.315290] sd 2:0:1:0: [sdb] 20480 512-byte logical blocks: (10.5 MB/10.0 MiB)
[    5.318156] sd 2:0:1:0: [sdb] Write Protect is off
[    5.324878] sd 2:0:0:0: [sda] Write Protect is off
[    5.325810] sd 2:0:1:0: [sdb] Incomplete mode parameter data
[    5.413496] sd 2:0:1:0: [sdb] Assuming drive cache: write through
[    5.423659] sd 2:0:0:0: [sda] Incomplete mode parameter data
[    5.431111] sd 2:0:0:0: [sda] Assuming drive cache: write through
[    5.438095] random: systemd-udevd: uninitialized urandom read (16 bytes read)
[    5.474846] e1000 0000:00:08.0 eth1: (PCI:33MHz:32-bit) 08:00:27:eb:a1:0d
[    5.501300] e1000 0000:00:08.0 eth1: Intel(R) PRO/1000 Network Connection
[    5.502433]  sda: sda1
[    5.503400] sd 2:0:0:0: [sda] Attached SCSI disk
[    5.511784] e1000 0000:00:03.0 enp0s3: renamed from eth0
[    5.593011] sd 2:0:1:0: [sdb] Attached SCSI disk
[    5.639061] e1000 0000:00:08.0 enp0s8: renamed from eth1
Begin: Loading essential drivers ... [    7.197722] raid6: sse2x1   gen()  7494 MB/s
[    7.294705] raid6: sse2x1   xor()  4390 MB/s
[    7.373612] raid6: sse2x2   gen() 10353 MB/s
[    7.501071] raid6: sse2x2   xor()  6797 MB/s
[    7.736436] raid6: sse2x4   gen() 11695 MB/s
[    7.942315] raid6: sse2x4   xor()  7312 MB/s
[    7.994051] raid6: using algorithm sse2x4 gen() 11695 MB/s
[    7.995178] raid6: .... xor() 7312 MB/s, rmw enabled
[    8.050600] raid6: using ssse3x2 recovery algorithm
[    8.074367] xor: automatically using best checksumming function   avx       
[    8.132774] async_tx: api initialized (async)
done.
Begin: Running /scripts/init-premount ... done[    8.242517] Btrfs loaded, crc32c=crc32c-intel
.
Begin: Mounting root file system ... Begin: Running /scripts/local-top ... done.
Begin: Running /scripts/local-premount ... Scanning for Btrfs filesystems
done.
Warning: fsck not present, so skipping root file system
[    8.442869] EXT4-fs (sda1): mounted filesystem with ordered data mode. Opts: (null)
done.
Begin: Running /scripts/local-bottom ... done.
Begin: Running /scripts/init-bottom ... done.
[    9.404338] ip_tables: (C) 2000-2006 Netfilter Core Team
[    9.590114] systemd[1]: systemd 237 running in system mode. (+PAM +AUDIT +SELINUX +IMA +APPARMOR +SMACK +SYSVINIT +UTMP +LIBCRYPTSETUP +GCRYPT +GNUTLS +ACL +XZ +LZ4 +SECCOMP +BLKID +ELFUTILS +KMOD -IDN2 +IDN -PCRE2 default-hierarchy=hybrid)
[    9.659661] systemd[1]: Detected virtualization oracle.
[    9.756768] systemd[1]: Detected architecture x86-64.

Welcome to [1mUbuntu 18.04.4 LTS[0m!

[    9.812540] systemd[1]: Set hostname to <ubuntu>.
[    9.860187] systemd[1]: Initializing machine ID from random generator.
[    9.866259] systemd[1]: Installed transient /etc/machine-id file.
[   10.737856] random: crng init done
[   10.786199] random: 7 urandom warning(s) missed due to ratelimiting
[   11.186691] systemd[1]: Set up automount Arbitrary Executable File Formats File System Automount Point.
[[0;32m  OK  [0m] Set up automount Arbitrary Executab…rmats File System Automount Point.
[   11.321391] systemd[1]: Created slice System Slice.
[[0;32m  OK  [0m] Created slice System Slice.
[   11.347214] systemd[1]: Listening on Journal Audit Socket.
[[0;32m  OK  [0m] Listening on Journal Audit Socket.
[   11.387141] systemd[1]: Listening on Device-mapper event daemon FIFOs.
[[0;32m  OK  [0m] Listening on Device-mapper event daemon FIFOs.
[[0;32m  OK  [0m] Created slice User and Session Slice.
[[0;32m  OK  [0m] Listening on Journal Socket (/dev/log).
[[0;32m  OK  [0m] Started Forward Password Requests to Wall Directory Watch.
[[0;32m  OK  [0m] Listening on Syslog Socket.
[[0;32m  OK  [0m] Listening on LVM2 metadata daemon socket.
[[0;32m  OK  [0m] Listening on Network Service Netlink Socket.
[[0;32m  OK  [0m] Reached target Swap.
[[0;32m  OK  [0m] Reached target User and Group Name Lookups.
[[0;32m  OK  [0m] Listening on /dev/initctl Compatibility Named Pipe.
[[0;32m  OK  [0m] Reached target Slices.
[[0;32m  OK  [0m] Created slice system-serial\x2dgetty.slice.
[[0;32m  OK  [0m] Reached target System Time Synchronized.
[[0;32m  OK  [0m] Listening on Journal Socket.
         Starting Monitoring of LVM2 mirrors…ng dmeventd or progress polling...
         Mounting Kernel Debug File System...
         Starting Create list of required st…ce nodes for the current kernel...
         Starting Load Kernel Modules...
         Starting Uncomplicated firewall...
         Mounting Huge Pages File System...
         Starting Journal Service...
         [   11.834443] Loading iSCSI transport class v2.0-870.
Mounting POSIX Message Queue File System...
         Starting Remount Root and Kernel[   11.964136] iscsi: registered transport (tcp)
 File Systems...
         Starting Set the console keyboard layout...
[[0;32m  OK  [0m] Listening on LVM2 poll daemon socket.
[[0;32m  OK  [0m] Listening on udev Kernel Socket.
[[0;32m  OK  [0m] Listening on udev Control Socket.
[   12.042758] EXT4-fs (sda1): re-mounted. Opts: (null)
         Starting udev Coldplug all Devices...
[[0;32m  OK  [0m] Started Journal Service.
[[0;32m  OK  [0m] Mounted Kernel Debug File System.
[[0;32m  OK  [0m] Started Create list of required sta…vice nodes for the current kernel.
[[0;32m  OK  [0m] Started Uncomplicated firewall.
[[0;32m  OK  [0m] Mounted Huge Pages File System.
[[0;32m  OK  [0m] Mounted POSIX Message Queue File System.
[[0;32m  OK  [0m] Started Remount Root and Kernel File Systems.
[[0;32m  OK  [0m] Started LVM2 metadata daemon.
         Starting Load/Save Random Seed...
         Starting Create Static Device Nodes in /dev...
         Starting Flush Journal to Persistent Storage...
[[0;32m  OK  [0m] Started Load/Save Random Seed.
[   12.423972] systemd-journald[381]: Received request to flush runtime journal from PID 1
[[0;32m  OK  [0m] Started udev Coldplug all Devices.
[[0;32m  OK  [0m] Started Monitoring of LVM2 mirrors,…sing dmeventd or progress polling.
[[0;32m  OK  [0m] Started Create Static Device Nodes in /dev.
         Starting udev Ke[   12.749847] iscsi: registered transport (iser)
rnel Device Manager...
[[0;32m  OK  [0m] Started Load Kernel Modules.
         Mounting Kernel Configuration File System...
         Starting Apply Kernel Variables...
         Mounting FUSE Control File System...
[[0;32m  OK  [0m] Started Flush Journal to Persistent Storage.
[[0;32m  OK  [0m] Mounted Kernel Configuration File System.
[[0;32m  OK  [0m] Mounted FUSE Control File System.
[[0;32m  OK  [0m] Started udev Kernel Device Manager.
[[0;32m  OK  [0m] Started Apply Kernel Variables.
[[0;32m  OK  [0m] Found device /dev/ttyS0.
[[0;32m  OK  [0m] Listening on Load/Save RF Kill Switch Status /dev/rfkill Watch.
[[0;32m  OK  [0m] Started Set the console keyboard layout.
[[0;32m  OK  [0m] Reached target Local File Systems (Pre).
[[0;32m  OK  [0m] Reached target Local File Systems.
         Starting Tell Plymouth To Write Out Runtime Data...
         Starting ebtables ruleset management...
         Starting AppArmor initialization...
         Starting Set console font and keymap...
         Starting Create Volatile Files and Directories...
         Starting Commit a transient machine-id on disk...
[[0;32m  OK  [0m] Started Dispatch Password Requests to Console Directory Watch.
[[0;32m  OK  [0m] Reached target Local Encrypted Volumes.
[[0;32m  OK  [0m] Started Tell Plymouth To Write Out Runtime Data.
[[0;32m  OK  [0m] Started Create Volatile Files and Directories.
[[0;32m  OK  [0m] Started Commit a transient machine-id on disk.
         Starting Update UTMP about System Boot/Shutdown...
[[0;32m  OK  [0m] Started Update UTMP about System Boot/Shutdown.
[[0;32m  OK  [0m] Started ebtables ruleset management.
[[0;32m  OK  [0m] Started Set console font and keymap.
[[0;32m  OK  [0m] Started AppArmor initialization.
         Starting Initial cloud-init job (pre-networking)...
[   21.063148] cloud-init[846]: Cloud-init v. 19.4-33-gbb4131a2-0ubuntu1~18.04.1 running 'init-local' at Thu, 25 Jun 2020 14:41:22 +0000. Up 20.40 seconds.
[[0;32m  OK  [0m] Started Initial cloud-init job (pre-networking).
[[0;32m  OK  [0m] Reached target Network (Pre).
         Starting Network Service...
[[0;32m  OK  [0m] Started Network Service.
         Starting Wait for Network to be Configured...
         Starting Network Name Resolution...
[[0;32m  OK  [0m] Started Network Name Resolution.
[[0;32m  OK  [0m] Reached target Host and Network Name Lookups.
[[0;32m  OK  [0m] Reached target Network.
[[0;32m  OK  [0m] Started Wait for Network to be Configured.
         Starting Initial cloud-init job (metadata service crawler)...
[   23.927480] cloud-init[977]: Cloud-init v. 19.4-33-gbb4131a2-0ubuntu1~18.04.1 running 'init' at Thu, 25 Jun 2020 14:41:25 +0000. Up 23.63 seconds.
[   24.014548] cloud-init[977]: ci-info: ++++++++++++++++++++++++++++++++++++++Net device info+++++++++++++++++++++++++++++++++++++++
[   24.068528] cloud-init[977]: ci-info: +--------+-------+----------------------------+---------------+--------+-------------------+
[   24.149586] cloud-init[977]: ci-info: | Device |   Up  |          Address           |      Mask     | Scope  |     Hw-Address    |
[   24.200367] cloud-init[977]: ci-info: +--------+-------+----------------------------+---------------+--------+-------------------+
[   24.230523] cloud-init[977]: ci-info: | enp0s3 |  True |         10.0.2.15          | 255.255.255.0 | global | 02:33:ec:f4:7d:44 |
[   24.308253] cloud-init[977]: ci-info: | enp0s3 |  True | fe80::33:ecff:fef4:7d44/64 |       .       |  link  | 02:33:ec:f4:7d:44 |
[   24.348873] cloud-init[977]: ci-info: | enp0s8 | False |             .              |       .       |   .    | 08:00:27:eb:a1:0d |
[   24.385600] cloud-init[977]: ci-info: |   lo   |  True |         127.0.0.1          |   255.0.0.0   |  host  |         .         |
[   24.404246] cloud-init[977]: ci-info: |   lo   |  True |          ::1/128           |       .       |  host  |         .         |
[   24.438862] cloud-init[977]: ci-info: +--------+-------+----------------------------+---------------+--------+-------------------+
[   24.480256] cloud-init[977]: ci-info: ++++++++++++++++++++++++++++Route IPv4 info+++++++++++++++++++++++++++++
[   24.507466] cloud-init[977]: ci-info: +-------+-------------+----------+-----------------+-----------+-------+
[   24.568245] cloud-init[977]: ci-info: | Route | Destination | Gateway  |     Genmask     | Interface | Flags |
[   24.597448] cloud-init[977]: ci-info: +-------+-------------+----------+-----------------+-----------+-------+
[   24.622442] cloud-init[977]: ci-info: |   0   |   0.0.0.0   | 10.0.2.2 |     0.0.0.0     |   enp0s3  |   UG  |
[   24.624763] cloud-init[977]: ci-info: |   1   |   10.0.2.0  | 0.0.0.0  |  255.255.255.0  |   enp0s3  |   U   |
[   24.663529] cloud-init[977]: ci-info: |   2   |   10.0.2.2  | 0.0.0.0  | 255.255.255.255 |   enp0s3  |   UH  |
[   24.684750] cloud-init[977]: ci-info: +-------+-------------+----------+-----------------+-----------+-------+
[   24.709993] cloud-init[977]: ci-info: +++++++++++++++++++Route IPv6 info+++++++++++++++++++
[   24.719548] cloud-init[977]: ci-info: +-------+-------------+---------+-----------+-------+
[   24.736344] cloud-init[977]: ci-info: | Route | Destination | Gateway | Interface | Flags |
[   24.742359] cloud-init[977]: ci-info: +-------+-------------+---------+-----------+-------+
[   24.768960] cloud-init[977]: ci-info: |   1   |  fe80::/64  |    ::   |   enp0s3  |   U   |
[   24.792086] cloud-init[977]: ci-info: |   3   |    local    |    ::   |   enp0s3  |   U   |
[   24.805837] cloud-init[977]: ci-info: |   4   |   ff00::/8  |    ::   |   enp0s3  |   U   |
[   24.814081] cloud-init[977]: ci-info: +-------+-------------+---------+-----------+-------+
[   25.626714] cloud-init[977]: Generating public/private rsa key pair.
[   25.633238] cloud-init[977]: Your identification has been saved in /etc/ssh/ssh_host_rsa_key.
[   25.691834] cloud-init[977]: Your public key has been saved in /etc/ssh/ssh_host_rsa_key.pub.
[[0;32m  OK  [0m] Started Initial cloud-init job (metadata service crawler).
[[0;32m  OK  [0m] Reached target System Initialization.
[   25.755723] cloud-init[[0;32m  OK  [0m] Started ACPI Events Check.
[[0;32m  OK  [0m] Listening on UUID daemon activation socket.
[[0;32m  OK  [0m] Started Daily apt download activities.
[[0;32m  OK  [0m] Started Discard unused blocks once a week.
[[0;32m  OK  [0m] Started Daily Cleanup of Temporary Directories.
[[0;32m  OK  [0m] Started Message of the Day.
[977]: The key fingerprint is:
         [   25.873571] cloud-init[977]: SHA256:h0b4JpLa3gdhkJk8DmAWu4OipuKOkK120YjEMbmS9rg root@ubuntu-bionic
[   25.873653] cloud-init[977]: The key's randomart image is:
[   25.873709] cloud-init[977]: +---[RSA 2048]----+
[   25.873757] cloud-init[977]: |.=o. +           |
[   25.873808] cloud-init[977]: |o+o B  .         |
[   25.873865] cloud-init[977]: |.o+o o. .        |
[   25.873916] cloud-init[977]: |+=. ..oo .       |
[   25.874014] cloud-init[977]: |*o+ =...S .      |
[   25.874095] cloud-init[977]: |o=.* o.+ .       |
[   25.874185] cloud-init[977]: |+.+ o  .         |
[   25.874272] cloud-init[977]: |*E o .  .        |
[   25.874357] cloud-init[977]: |Oo. . ..         |
[   25.874436] cloud-init[977]: +----[SHA256]-----+
[   25.874518] cloud-init[977]: Generating public/private dsa key pair.
[   25.874620] cloud-init[977]: Your identification has been saved in /etc/ssh/ssh_host_dsa_key.
[   25.874734] cloud-init[977]: Your public key has been saved in /etc/ssh/ssh_host_dsa_key.pub.
[   25.874801] cloud-init[977]: The key fingerprint is:
[   25.874850] cloud-init[977]: SHA256:MsTq1/3iHs/xAM/PFW/xS2exMY5Yh/8y8aaFGFsOsoM root@ubuntu-bionic
[   25.874901] cloud-init[977]: The key's randomart image is:
[   25.874948] cloud-init[977]: +---[DSA 1024]----+
[   25.874999] cloud-init[977]: |                 |
[   25.875068] cloud-init[977]: |     .           |
[   25.875142] cloud-init[977]: |      o          |
[   25.875210] cloud-init[977]: |     o        .  |
[   25.875270] cloud-init[977]: |    . o S o oo.B |
[   25.875317] cloud-init[977]: |   .   + o *oB*.X|
[   25.875367] cloud-init[977]: |    . . E =.B.oBO|
[   25.875418] cloud-init[977]: |     .    .* *+=*|
[   25.875470] cloud-init[977]: |         oo.+ =*.|
[   25.875517] cloud-init[977]: +----[SHA256]-----+
[   25.875597] cloud-init[977]: Generating public/private ecdsa key pair.
[   25.875658] cloud-init[977]: Your identification has been saved in /etc/ssh/ssh_host_ecdsa_key.
[   25.875710] cloud-init[977]: Your public key has been saved in /etc/ssh/ssh_host_ecdsa_key.pub.
[   25.875766] cloud-init[977]: The key fingerprint is:
[   25.875815] cloud-init[977]: SHA256:hzKCIFS/Z4nyH79fZjxTqUmihCi9iVYb8pJkmbdMqDM root@ubuntu-bionic
[   25.875865] cloud-init[977]: The key's randomart image is:
[   25.875912] cloud-init[977]: +---[ECDSA 256]---+
[   25.875960] cloud-init[977]: | ...             |
Starting LXD - unix socket.
[[0;32m  OK  [0m] Started Daily apt upgrade and clean activities.
[[0;32m  OK  [0m] Listening on Open-iSCSI iscsid Socket.
[[0;32m  OK  [0m] Listening on D-Bus System Message Bus Socket.
[[0;32m  OK  [0m] Reached target Timers.
[[0;32m  OK  [0m] Reached target Paths.
         Starting Socket activation for snappy daemon.
[[0;32m  OK  [0m] Listening on ACPID Listen Socket.
[[0;32m  OK  [0m] Reached target Network is Online.
[   25.876008] cloud-init[977]: |.   .            |
         Starting Availability of block devices...
[[0;32m  OK  [0m] Reached target Remote File Systems (Pre).[   26.260049] cloud-init[977]: |o    .           |
[   26.288211] cloud-init[977]: |.. .= + o.      .|
[   26.288314] cloud-init[977]: |  .X.Xo=S... . o |
[   26.288418] cloud-init[977]: |  + &.Oo... + +  |
[   26.288505] cloud-init[977]: | E = O . .   X   |
[   26.288565] cloud-init[977]: |  + . . o   + o  |
[   26.288616] cloud-init[977]: |       . oo.     |
[   26.288668] cloud-init[977]: +----[SHA256]-----+
[   26.288716] cloud-init[977]: Generating public/private ed25519 key pair.
[   26.288767] cloud-init[977]: Your identification has been saved in /etc/ssh/ssh_host_ed25519_key.
[   26.288819] cloud-init[977]: Your public key has been saved in /etc/ssh/ssh_host_ed25519_key.pub.
[   26.288878] cloud-init[977]: The key fingerprint is:
[   26.288937] cloud-init[977]: SHA256:V/B0tGcpXpoR7qcXgj1b2hrdFIGAei8b1zskTFMLcxs root@ubuntu-bionic
[   26.289011] cloud-init[977]: The key's randomart image is:
[   26.289097] cloud-init[977]: +--[ED25519 256]--+
[   26.289157] cloud-init[977]: |          o.oo+. |
[   26.289209] cloud-init[977]: |         . *.E..o|
[   26.289261] cloud-init[977]: |        .   B+=+o|
[   26.289312] cloud-init[977]: |       . . +=o*o.|
[   26.289367] cloud-init[977]: |        S =.oO +.|
[   26.289418] cloud-init[977]: |         + = o@.o|
[   26.289466] cloud-init[977]: |          = o=.+.|
[   26.289516] cloud-init[977]: |         .   o+  |
[   26.289978] cloud-init[977]: |             ..  |
[   26.290036] cloud-init[977]: +----[SHA256]-----+

[[0;32m  OK  [0m] Reached target Remote File Systems.
[[0;32m  OK  [0m] Reached target Cloud-config availability.
[[0;32m  OK  [0m] Listening on LXD - unix socket.
[[0;32m  OK  [0m] Listening on Socket activation for snappy daemon.
[[0;32m  OK  [0m] Started Availability of block devices.
[[0;32m  OK  [0m] Reached target Sockets.
[[0;32m  OK  [0m] Reached target Basic System.
         Starting Dispatcher daemon for systemd-networkd...
         Starting Permit User Sessions...
[[0;32m  OK  [0m] Started FUSE filesystem for LXC.
         Starting LSB: automatic crash report generation...
         Starting Accounts Service...
[[0;32m  OK  [0m] Started D-Bus System Message Bus.
[[0;32m  OK  [0m] Started Deferred execution scheduler.
[[0;32m  OK  [0m] Started Regular background program processing daemon.
         Starting Snappy daemon...
         Starting Login Service...
         Starting LSB: Record successful boot for GRUB...
         Starting Virtualbox guest utils...
[[0;32m  OK  [0m] Started irqbalance daemon.
         Starting System Logging Service...
         Starting Pollinate to seed the pseudo random number generator...
         Starting LXD - container startup/shutdown...
[[0;32m  OK  [0m] Started System Logging Service.
[[0;32m  OK  [0m] Started Permit User Sessions.
[[0;32m  OK  [0m] Started Dispatcher daemon for systemd-networkd.
[[0;32m  OK  [0m] Started Login Service.
[[0;32m  OK  [0m] Started Unattended Upgrades Shutdown.
         Starting Authorization Manager...
         Starting Terminate Plymouth Boot Screen...
         Starting Hold until boot process finishes up...
[[0;32m  OK  [0m] Started LSB: automatic crash report generation.
[[0;32m  OK  [0m] Started Terminate Plymouth Boot Screen.
[[0;32m  OK  [0m] Started Hold until boot process finishes up.
         Starting Set console scheme...
[[0;32m  OK  [0m] Started Serial Getty on ttyS0.
[[0;32m  OK  [0m] Started LSB: Record successful boot for GRUB.
[[0;32m  OK  [0m] Started Set console scheme.
[[0;32m  OK  [0m] Created slice system-getty.slice.
[[0;32m  OK  [0m] Started Getty on tty1.
[[0;32m  OK  [0m] Reached target Login Prompts.
[[0;32m  OK  [0m] Started Authorization Manager.
[[0;32m  OK  [0m] Started Accounts Service.
[[0;32m  OK  [0m] Started Virtualbox guest utils.
[[0;32m  OK  [0m] Started LXD - container startup/shutdown.
[[0;32m  OK  [0m] Started Snappy daemon.
         Starting Wait until snapd is fully seeded...
[[0;32m  OK  [0m] Started Pollinate to seed the pseudo random number generator.
         Starting OpenBSD Secure Shell server...
[[0;32m  OK  [0m] Started OpenBSD Secure Shell server.
[[0;32m  OK  [0m] Created slice User Slice of vagrant.
         Starting User Manager for UID 1000...
[[0;32m  OK  [0m] Started Session 1 of user vagrant.
[[0;32m  OK  [0m] Started User Manager for UID 1000.

Ubuntu 18.04.4 LTS ubuntu-bionic ttyS0

ubuntu-bionic login: [   35.953440] cloud-init[1732]: Cloud-init v. 19.4-33-gbb4131a2-0ubuntu1~18.04.1 running 'modules:config' at Thu, 25 Jun 2020 14:41:36 +0000. Up 34.96 seconds.
ci-info: no authorized SSH keys fingerprints found for user ubuntu.
<14>Jun 25 14:41:38 ec2: 
<14>Jun 25 14:41:38 ec2: #############################################################
<14>Jun 25 14:41:38 ec2: -----BEGIN SSH HOST KEY FINGERPRINTS-----
<14>Jun 25 14:41:38 ec2: 1024 SHA256:MsTq1/3iHs/xAM/PFW/xS2exMY5Yh/8y8aaFGFsOsoM root@ubuntu-bionic (DSA)
<14>Jun 25 14:41:38 ec2: 256 SHA256:hzKCIFS/Z4nyH79fZjxTqUmihCi9iVYb8pJkmbdMqDM root@ubuntu-bionic (ECDSA)
<14>Jun 25 14:41:38 ec2: 256 SHA256:V/B0tGcpXpoR7qcXgj1b2hrdFIGAei8b1zskTFMLcxs root@ubuntu-bionic (ED25519)
<14>Jun 25 14:41:38 ec2: 2048 SHA256:h0b4JpLa3gdhkJk8DmAWu4OipuKOkK120YjEMbmS9rg root@ubuntu-bionic (RSA)
<14>Jun 25 14:41:38 ec2: -----END SSH HOST KEY FINGERPRINTS-----
<14>Jun 25 14:41:38 ec2: #############################################################
-----BEGIN SSH HOST KEY KEYS-----
ecdsa-sha2-nistp256 AAAAE2VjZHNhLXNoYTItbmlzdHAyNTYAAAAIbmlzdHAyNTYAAABBBE1y5epfJH+eNJud1hZl60QAg8jwEsR8OcDlt3xTjRIzYvLKRULtME1zy4v9mD01+ERr1uFvlLZqUJLwIE+rz9k= root@ubuntu-bionic
ssh-ed25519 AAAAC3NzaC1lZDI1NTE5AAAAIH3GwQNIviZxeretsUXlv1KCU5BHbWsf5Cwt308dctWN root@ubuntu-bionic
ssh-rsa AAAAB3NzaC1yc2EAAAADAQABAAABAQC6iJfXD/xrgO8gNv5XuEimdiE6vQFaeHe6HOuOrHkb1aWzRn3jTkWEiJ/fvhmqV3KHcEsx1JcS+ceApOvhzr3jzgPGsmSOnr7Zld0TDh04D6v5MDNseE5hFeMhysNE+XGxXq/AP9aUS8dQwEEIxwsR1UvtDwCOCMPWfXI0smkMF850ErcI7AG7mdQGMDVMGrnu3AbKmE0L7j/OMv6J1+sfP8mFfAz2E+aWXQcOF9OPmhB9rGI3vqWn8wefZK85jcCwb6UtoaOix6x+c48op5qVeFmMsagnRUxm7LVH6rIYKBoPKcqAGSAUXidOtnx13EBkfni0PwAXb4IfVHid5Psd root@ubuntu-bionic
-----END SSH HOST KEY KEYS-----
[   36.885661] cloud-init[1852]: Cloud-init v. 19.4-33-gbb4131a2-0ubuntu1~18.04.1 running 'modules:final' at Thu, 25 Jun 2020 14:41:38 +0000. Up 36.65 seconds.
[   36.885767] cloud-init[1852]: ci-info: no authorized SSH keys fingerprints found for user ubuntu.
[   36.885830] cloud-init[1852]: Cloud-init v. 19.4-33-gbb4131a2-0ubuntu1~18.04.1 finished at Thu, 25 Jun 2020 14:41:38 +0000. Datasource DataSourceNoCloud [seed=/dev/sdb][dsmode=net].  Up 36.86 seconds
